2022-12-12 13:34:40.422 [info] Extension host with pid 30917 started
2022-12-12 13:34:40.422 [info] Skipping acquiring lock for /home/shenkit/.config/Code/User/workspaceStorage/cda7e0ae588503578ea1ad05eb1fea33.
2022-12-12 13:34:40.457 [info] ExtensionService#_doActivateExtension vscode.microsoft-authentication, startup: false, activationEvent: 'onAuthenticationRequest:microsoft'
2022-12-12 13:34:40.457 [info] ExtensionService#_doActivateExtension vscode.git-base, startup: true, activationEvent: '*'
2022-12-12 13:34:40.457 [info] ExtensionService#_doActivateExtension vscode.npm, startup: true, activationEvent: 'workspaceContains:package.json'
2022-12-12 13:34:40.497 [info] ExtensionService#_doActivateExtension vscode.github, startup: true, activationEvent: '*'
2022-12-12 13:34:40.539 [info] Eager extensions activated
2022-12-12 13:34:40.543 [info] ExtensionService#_doActivateExtension vscode.debug-auto-launch, startup: false, activationEvent: 'onStartupFinished'
2022-12-12 13:34:40.543 [info] ExtensionService#_doActivateExtension vscode.emmet, startup: false, activationEvent: 'onStartupFinished'
2022-12-12 13:34:40.544 [info] ExtensionService#_doActivateExtension vscode.merge-conflict, startup: false, activationEvent: 'onStartupFinished'
2022-12-12 13:34:40.544 [info] ExtensionService#_doActivateExtension esbenp.prettier-vscode, startup: false, activationEvent: 'onStartupFinished'
2022-12-12 13:34:40.586 [info] ExtensionService#_doActivateExtension vscode.github-authentication, startup: false, activationEvent: 'onAuthenticationRequest:github'
2022-12-12 13:34:52.444 [info] ExtensionService#_doActivateExtension vscode.git, startup: false, activationEvent: 'api', root cause: vscode.github
2022-12-12 13:34:52.463 [info] ExtensionService#_doActivateExtension maptz.regionfolder, startup: false, activationEvent: '*'
2022-12-12 13:34:52.463 [info] ExtensionService#_doActivateExtension ritwickdey.LiveServer, startup: false, activationEvent: 'onStartupFinished'
2022-12-12 13:34:56.126 [info] ExtensionService#_doActivateExtension vscode.typescript-language-features, startup: false, activationEvent: 'onLanguage:javascript'
2022-12-12 13:43:59.989 [info] ExtensionService#_doActivateExtension vscode.configuration-editing, startup: false, activationEvent: 'onLanguage:jsonc'
2022-12-12 13:43:59.989 [info] ExtensionService#_doActivateExtension vscode.json-language-features, startup: false, activationEvent: 'onLanguage:jsonc'
2022-12-12 13:47:03.240 [info] Extension host terminating: received terminate message from renderer
2022-12-12 13:47:03.266 [info] Extension host with pid 30917 exiting with code 0
