["INFO" - 12:29:46 pm] Extension Name: esbenp.prettier-vscode.
["INFO" - 12:29:46 pm] Extension Version: 9.10.3.
["INFO" - 12:30:23 pm] Formatting file:///home/shenkit/OneDrive/coding/courses/react-academind/first-app/src/components/todo.js
["INFO" - 12:30:23 pm] Using ignore file (if present) at /home/shenkit/OneDrive/coding/courses/react-academind/first-app/.prettierignore
["INFO" - 12:30:23 pm] File Info:
{
  "ignored": false,
  "inferredParser": "babel"
}
["INFO" - 12:30:23 pm] No local configuration (i.e. .prettierrc or .editorconfig) detected, falling back to VS Code configuration
["INFO" - 12:30:23 pm] Prettier Options:
{
  "arrowParens": "always",
  "bracketSpacing": true,
  "endOfLine": "lf",
  "htmlWhitespaceSensitivity": "css",
  "insertPragma": false,
  "singleAttributePerLine": false,
  "bracketSameLine": false,
  "jsxBracketSameLine": false,
  "jsxSingleQuote": false,
  "printWidth": 80,
  "proseWrap": "preserve",
  "quoteProps": "as-needed",
  "requirePragma": false,
  "semi": true,
  "singleQuote": false,
  "tabWidth": 2,
  "trailingComma": "es5",
  "useTabs": false,
  "vueIndentScriptAndStyle": false,
  "filepath": "/home/shenkit/OneDrive/coding/courses/react-academind/first-app/src/components/todo.js",
  "parser": "babel"
}
["INFO" - 12:30:23 pm] Formatting completed in 55ms.
